
################################################################################
#
# This file has been generated by SpyGlass:
#     Report Name      : moresimple
#     Report Created by: ronaldv
#     Report Created on:  Wed Sep  9 14:59:37 2015
#     Working Directory: /slowfs/cae171/ronaldv/from_cae1107/CD/kit_v1.2/ON.PDK/sample/logic/sglib
#     Report Location  : ./spyglass_lc_flop_set_reports/moresimple.rpt
#     SpyGlass Version : 5.5.0.3
#     Policy Name      : SpyGlass(5.5.0)
#
#     Total Number of Generated Messages :          1
#     Number of Waived Messages          :          0
#     Number of Reported Messages        :          1
#     Number of Overlimit Messages       :          0
#
#
################################################################################

+++++++++++++++++++++++++++++++++++++++++++++++++++++++++++++++++++++++
MORESIMPLE REPORT:
+++++++++++++++++++++++++++++++++++++++++++++++++++++++++++++++++++++++++++++++++++++++
ID       Rule         Alias    Severity    File              Line     Wt      Message
======================================================================================
[0]      LIBWRN_36             Warning     ./flop_set.lib    11855    1000    Incorrect Variable2 'normalized_voltage' in lu_table_template 'driver_waveform_template'
+++++++++++++++++++++++++++++++++++++++++++++++++++++++++++++++++++++++++++++++++++++++
