
################################################################################
#
# This file has been generated by SpyGlass:
#     Report Name      : no_msg_reporting_rules
#     Report Created by: ronaldv
#     Report Created on:  Wed Sep  9 14:59:37 2015
#     Working Directory: /slowfs/cae171/ronaldv/from_cae1107/CD/kit_v1.2/ON.PDK/sample/logic/sglib
#     Report Location  : ./spyglass_lc_flop_set_reports/no_msg_reporting_rules.rpt
#     SpyGlass Version : 5.5.0.3
#     Policy Name      : SpyGlass(5.5.0)
#
#     Total Number of Generated Messages :          1
#     Number of Waived Messages          :          0
#     Number of Reported Messages        :          1
#     Number of Overlimit Messages       :          0
#
#
################################################################################

NO VIOLATION RULE REPORT :
++++++++++++++++++++++++++++++++++++++++++++++++++++++++++++++++++++++++++++++++

Following rules did not produce any violation or waived off during spyglass run

++++++++++++++++++++++++++++++++++++++++++++++++++++++++++++++++++++++++++++++++


================================================================================
	INDEX                                   RULE-NAME
================================================================================
	1                                  ZeroSizeFile
================================================================================
